<?xml version="1.0" encoding="UTF-8"?>
<!-- Generated by org.testng.reporters.JUnitReportReporter -->
<testsuite hostname="DESKTOP-SU7U5G9" failures="0" tests="1" name="Com.shoppersstack_TestScript.TC_002_verify_user_able_to_delete_address_or_not" time="19.423" errors="0" timestamp="2025-03-04T09:21:56 IST" skipped="0">
  <testcase classname="Com.shoppersstack_TestScript.TC_002_verify_user_able_to_delete_address_or_not" name="deleteAddress" time="19.423"/>
</testsuite> <!-- Com.shoppersstack_TestScript.TC_002_verify_user_able_to_delete_address_or_not -->
