<?xml version="1.0" encoding="UTF-8"?>
<!-- Generated by org.testng.reporters.JUnitReportReporter -->
<testsuite hostname="DESKTOP-SU7U5G9" failures="0" tests="1" name="Com.shoppersstack_TestScript.TC_001_verify_user_able_to_add_address_or_not" time="16.999" errors="0" timestamp="2025-03-04T09:16:43 IST" skipped="0">
  <testcase classname="Com.shoppersstack_TestScript.TC_001_verify_user_able_to_add_address_or_not" name="addAddresses" time="16.999"/>
</testsuite> <!-- Com.shoppersstack_TestScript.TC_001_verify_user_able_to_add_address_or_not -->
